<?xml version="1.0" encoding="UTF-8" ?>
<testsuite tests="16" failures="1" name="testRunner.TestRunner" time="102.954" errors="0" skipped="0">
  <properties>
[...]
</properties>
  <testcase classname="Forgot password functionality" name="Rest password on forgetting" time="7.881"/>
  <testcase classname="Login Scenarios" name="Login with valid credentials #1" time="6.966"/>
  <testcase classname="Login Scenarios" name="Login with valid credentials #2" time="6.743"/>
  <testcase classname="Login Scenarios" name="Login with valid credentials #3" time="6.844"/>
  <testcase classname="Login Scenarios" name="Login with valid credentials #4" time="5.796"/>
  <testcase classname="Login Scenarios" name="Login with Invalid credentilas" time="6.598"/>
  <testcase classname="Login Scenarios" name="Login with valid username and  invalid password" time="6.032"/>
  <testcase classname="Login Scenarios" name="Login with invalid username and valid password" time="5.596"/>
  <testcase classname="Login Scenarios" name="Login without providing any credentials" time="6.836"/>
  <testcase classname="User Registeration Scenarios" name="Register with mandatory fields" time="6.966"/>
  <testcase classname="User Registeration Scenarios" name="Register with All fields" time="6.944"/>
  <testcase classname="User Registeration Scenarios" name="Register without any fields" time="6.803"/>
  <testcase classname="User Registeration Scenarios" name="Register with existing email id" time="7.524">
    <failure type="java.lang.AssertionError">java.lang.AssertionError
	at org.junit.Assert.fail(Assert.java:87)
	at org.junit.Assert.assertTrue(Assert.java:42)
	at org.junit.Assert.assertTrue(Assert.java:53)
	at steps.RegisterPage_Steps.Warinig_message_that_display_the_email_is_already_exist(RegisterPage_Steps.java:145)
	at ✽.Warinig message that display the email is already exist(file:///C:/Users/klakshmi/eclipse-workspace/BBDFramework/src/test/resources/features/Register.feature:48)
</failure>
    <system-out>
@register @existingemaildid @smoke @regression
Scenario: Register with existing email id                           &amp;#27;[90m# src/test/resources/features/Register.feature:37&amp;#27;[0m
  &amp;#27;[32mGiven &amp;#27;[0m&amp;#27;[32mUser naviagate to Register Account page&amp;#27;[0m                     &amp;#27;[90m# steps.RegisterPage_Steps.User_naviagate_to_register_account_page()&amp;#27;[0m
  &amp;#27;[32mWhen &amp;#27;[0m&amp;#27;[32mUser enters below details into fields with duplicate emailid&amp;#27;[0m &amp;#27;[90m# steps.RegisterPage_Steps.User_enters_below_details_into_fields_with_duplicate_emailid(io.cucumber.datatable.DataTable)&amp;#27;[0m
    | firstname | lakshmi           |
    | lastname  | Test              |
    | email     | Sony213@gmail.com |
    | telephone | 7878232323322     |
    | password  | L@kshmi           |
  &amp;#27;[32mAnd &amp;#27;[0m&amp;#27;[32mSelect Privacy policy field&amp;#27;[0m                                   &amp;#27;[90m# steps.RegisterPage_Steps.select_privacy_policy_field()&amp;#27;[0m
  &amp;#27;[32mAnd &amp;#27;[0m&amp;#27;[32mSelect Yes for newsletter&amp;#27;[0m                                     &amp;#27;[90m# steps.RegisterPage_Steps.select_yes_for_newsletter()&amp;#27;[0m
  &amp;#27;[32mAnd &amp;#27;[0m&amp;#27;[32mClicks on Continue button&amp;#27;[0m                                     &amp;#27;[90m# steps.RegisterPage_Steps.clicks_on_continue_button()&amp;#27;[0m
  &amp;#27;[31mThen &amp;#27;[0m&amp;#27;[31mWarinig message that display the email is already exist&amp;#27;[0m      &amp;#27;[90m# steps.RegisterPage_Steps.Warinig_message_that_display_the_email_is_already_exist()&amp;#27;[0m
      &amp;#27;[31mjava.lang.AssertionError
      	at org.junit.Assert.fail(Assert.java:87)
      	at org.junit.Assert.assertTrue(Assert.java:42)
      	at org.junit.Assert.assertTrue(Assert.java:53)
      	at steps.RegisterPage_Steps.Warinig_message_that_display_the_email_is_already_exist(RegisterPage_Steps.java:145)
      	at âœ½.Warinig message that display the email is already exist(file:///C:/Users/klakshmi/eclipse-workspace/BBDFramework/src/test/resources/features/Register.feature:48)&amp;#27;[0m

    Embedding Register_with_existing_email_id [image/png 102991 bytes]

</system-out>
    <system-err>Apr 17, 2025 11:41:17 AM org.openqa.selenium.devtools.CdpVersionFinder findNearestMatch
WARNING: Unable to find an exact match for CDP version 135, returning the closest version; found: 134; Please update to a Selenium version that supports CDP version 135
</system-err>
  </testcase>
  <testcase classname="Search Functionality" name="Search for a valid product" time="5.045"/>
  <testcase classname="Search Functionality" name="Search for non-existing product" time="5.691"/>
  <testcase classname="Search Functionality" name="Search without entering any product" time="4.689"/>
</testsuite>