-------------------------------------------------------------------------------
Test set: testRunner.TestRunner
-------------------------------------------------------------------------------
Tests run: 16, Failures: 1, Errors: 0, Skipped: 0, Time elapsed: 107.642 sec <<< FAILURE!
Register with existing email id(User Registeration Scenarios)  Time elapsed: 7.524 sec  <<< FAILURE!
java.lang.AssertionError
	at org.junit.Assert.fail(Assert.java:87)
	at org.junit.Assert.assertTrue(Assert.java:42)
	at org.junit.Assert.assertTrue(Assert.java:53)
	at steps.RegisterPage_Steps.Warinig_message_that_display_the_email_is_already_exist(RegisterPage_Steps.java:145)
	at ?.Warinig message that display the email is already exist(file:///C:/Users/klakshmi/eclipse-workspace/BBDFramework/src/test/resources/features/Register.feature:48)

